<?xml version="1.0" encoding="UTF-8"?>
<testng-results skipped="0" failed="0" ignored="0" total="1" passed="1">
  <reporter-output>
  </reporter-output>
  <suite name="Default suite" duration-ms="3710" started-at="2020-01-05T13:58:51 IST" finished-at="2020-01-05T13:58:55 IST">
    <groups>
    </groups>
    <test name="Default test" duration-ms="3710" started-at="2020-01-05T13:58:51 IST" finished-at="2020-01-05T13:58:55 IST">
      <class name="getRequest.GetData">
        <test-method status="PASS" signature="testResonseCode()[pri:0, instance:getRequest.GetData@7d907bac]" name="testResonseCode" duration-ms="3667" started-at="2020-01-05T13:58:51 IST" finished-at="2020-01-05T13:58:55 IST">
          <reporter-output>
          </reporter-output>
        </test-method> <!-- testResonseCode -->
      </class> <!-- getRequest.GetData -->
    </test> <!-- Default test -->
  </suite> <!-- Default suite -->
</testng-results>
